<?xml version="1.0" encoding="UTF-8"?>
<testng-results ignored="0" total="1" passed="1" failed="0" skipped="0">
  <reporter-output>
  </reporter-output>
  <suite started-at="2026-02-19T12:55:43 IST" name="Default suite" finished-at="2026-02-19T12:55:57 IST" duration-ms="13739">
    <groups>
    </groups>
    <test started-at="2026-02-19T12:55:43 IST" name="Default test" finished-at="2026-02-19T12:55:57 IST" duration-ms="13739">
      <class name="demo.DesiredCapabilities_ChromeOptions">
        <test-method signature="localcapabilities_modernOptions_demo()[pri:0, instance:demo.DesiredCapabilities_ChromeOptions@7817fd62]" started-at="2026-02-19T12:55:43 IST" name="localcapabilities_modernOptions_demo" finished-at="2026-02-19T12:55:57 IST" duration-ms="13688" status="PASS">
          <reporter-output>
          </reporter-output>
        </test-method> <!-- localcapabilities_modernOptions_demo -->
      </class> <!-- demo.DesiredCapabilities_ChromeOptions -->
    </test> <!-- Default test -->
  </suite> <!-- Default suite -->
</testng-results>
